2021-07-03T07:57:25+00:00 CRITICAL Maximum execution time of 120 seconds exceeded in D:\xampp\htdocs\Portfolio\wordpress\wp-includes\Requests\Transport\cURL.php on line 463

2021-07-03T09:46:25+00:00 CRITICAL Maximum execution time of 120 seconds exceeded in D:\xampp\htdocs\Portfolio\wordpress\wp-content\plugins\woocommerce\packages\woocommerce-admin\src\RemoteInboxNotifications\SpecRunner.php on line 164

2021-07-03T09:51:59+00:00 CRITICAL Maximum execution time of 120 seconds exceeded in D:\xampp\htdocs\Portfolio\wordpress\wp-includes\wp-db.php on line 2056

2021-07-03T10:00:23+00:00 CRITICAL Maximum execution time of 120 seconds exceeded in D:\xampp\htdocs\Portfolio\wordpress\wp-includes\Requests\Transport\cURL.php on line 463

2021-07-03T10:13:46+00:00 CRITICAL Maximum execution time of 120 seconds exceeded in D:\xampp\htdocs\Portfolio\wordpress\wp-includes\wp-db.php on line 2056

2021-07-03T10:19:22+00:00 CRITICAL Uncaught Error: Unknown named parameter $tasks_meta_id in D:\xampp\htdocs\Portfolio\wordpress\wp-includes\class-wp-hook.php:292
Stack trace:
#0 D:\xampp\htdocs\Portfolio\wordpress\wp-includes\class-wp-hook.php(316): WP_Hook->apply_filters('', Array)
#1 D:\xampp\htdocs\Portfolio\wordpress\wp-includes\plugin.php(551): WP_Hook->do_action(Array)
#2 D:\xampp\htdocs\Portfolio\wordpress\wp-content\plugins\woocommerce\packages\action-scheduler\classes\actions\ActionScheduler_Action.php(22): do_action_ref_array('wpforms_admin_n...', Array)
#3 D:\xampp\htdocs\Portfolio\wordpress\wp-content\plugins\woocommerce\packages\action-scheduler\classes\abstracts\ActionScheduler_Abstract_QueueRunner.php(65): ActionScheduler_Action->execute()
#4 D:\xampp\htdocs\Portfolio\wordpress\wp-content\plugins\woocommerce\packages\action-scheduler\classes\ActionScheduler_QueueRunner.php(162): ActionScheduler_Abstract_QueueRunner->process_action(10, 'WP Cron')
#5 D:\xampp\htdocs\Portfolio\wordpress\wp-content\plugins\woocommerce\packages\action-scheduler\classes\ActionScheduler_QueueRunner.php(132): ActionScheduler_QueueRunner->do_batch(25, 'WP Cron')
#6 D:\xampp\htdocs\Portfolio\wordpress\wp-includes\class-wp-hook.php(292): ActionScheduler_QueueRunner->run('WP Cron')
#7 D:\xampp\htdocs\Portfolio\wordpress\wp-includes\class-wp-hook.php(316): WP_Hook->apply_filters('', Array)
#8 D:\xampp\htdocs\Portfolio\wordpress\wp-includes\plugin.php(551): WP_Hook->do_action(Array)
#9 D:\xampp\htdocs\Portfolio\wordpress\wp-cron.php(138): do_action_ref_array('action_schedule...', Array)
#10 {main}
  thrown in D:\xampp\htdocs\Portfolio\wordpress\wp-includes\class-wp-hook.php on line 292

2021-07-03T10:39:13+00:00 CRITICAL Uncaught Error: Unknown named parameter $tasks_meta_id in D:\xampp\htdocs\Portfolio\wordpress\wp-includes\class-wp-hook.php:292
Stack trace:
#0 D:\xampp\htdocs\Portfolio\wordpress\wp-includes\class-wp-hook.php(316): WP_Hook->apply_filters('', Array)
#1 D:\xampp\htdocs\Portfolio\wordpress\wp-includes\plugin.php(551): WP_Hook->do_action(Array)
#2 D:\xampp\htdocs\Portfolio\wordpress\wp-content\plugins\woocommerce\packages\action-scheduler\classes\actions\ActionScheduler_Action.php(22): do_action_ref_array('wpforms_admin_n...', Array)
#3 D:\xampp\htdocs\Portfolio\wordpress\wp-content\plugins\woocommerce\packages\action-scheduler\classes\abstracts\ActionScheduler_Abstract_QueueRunner.php(65): ActionScheduler_Action->execute()
#4 D:\xampp\htdocs\Portfolio\wordpress\wp-content\plugins\woocommerce\packages\action-scheduler\classes\ActionScheduler_QueueRunner.php(162): ActionScheduler_Abstract_QueueRunner->process_action(11, 'WP Cron')
#5 D:\xampp\htdocs\Portfolio\wordpress\wp-content\plugins\woocommerce\packages\action-scheduler\classes\ActionScheduler_QueueRunner.php(132): ActionScheduler_QueueRunner->do_batch(25, 'WP Cron')
#6 D:\xampp\htdocs\Portfolio\wordpress\wp-includes\class-wp-hook.php(292): ActionScheduler_QueueRunner->run('WP Cron')
#7 D:\xampp\htdocs\Portfolio\wordpress\wp-includes\class-wp-hook.php(316): WP_Hook->apply_filters('', Array)
#8 D:\xampp\htdocs\Portfolio\wordpress\wp-includes\plugin.php(551): WP_Hook->do_action(Array)
#9 D:\xampp\htdocs\Portfolio\wordpress\wp-cron.php(138): do_action_ref_array('action_schedule...', Array)
#10 {main}
  thrown in D:\xampp\htdocs\Portfolio\wordpress\wp-includes\class-wp-hook.php on line 292

2021-07-03T10:39:28+00:00 CRITICAL Uncaught Error: Unknown named parameter $tasks_meta_id in D:\xampp\htdocs\Portfolio\wordpress\wp-includes\class-wp-hook.php:292
Stack trace:
#0 D:\xampp\htdocs\Portfolio\wordpress\wp-includes\class-wp-hook.php(316): WP_Hook->apply_filters('', Array)
#1 D:\xampp\htdocs\Portfolio\wordpress\wp-includes\plugin.php(551): WP_Hook->do_action(Array)
#2 D:\xampp\htdocs\Portfolio\wordpress\wp-content\plugins\woocommerce\packages\action-scheduler\classes\actions\ActionScheduler_Action.php(22): do_action_ref_array('wpforms_admin_n...', Array)
#3 D:\xampp\htdocs\Portfolio\wordpress\wp-content\plugins\woocommerce\packages\action-scheduler\classes\abstracts\ActionScheduler_Abstract_QueueRunner.php(65): ActionScheduler_Action->execute()
#4 D:\xampp\htdocs\Portfolio\wordpress\wp-content\plugins\woocommerce\packages\action-scheduler\classes\ActionScheduler_QueueRunner.php(162): ActionScheduler_Abstract_QueueRunner->process_action(12, 'Async Request')
#5 D:\xampp\htdocs\Portfolio\wordpress\wp-content\plugins\woocommerce\packages\action-scheduler\classes\ActionScheduler_QueueRunner.php(132): ActionScheduler_QueueRunner->do_batch(25, 'Async Request')
#6 D:\xampp\htdocs\Portfolio\wordpress\wp-includes\class-wp-hook.php(292): ActionScheduler_QueueRunner->run('Async Request')
#7 D:\xampp\htdocs\Portfolio\wordpress\wp-includes\class-wp-hook.php(316): WP_Hook->apply_filters('', Array)
#8 D:\xampp\htdocs\Portfolio\wordpress\wp-includes\plugin.php(484): WP_Hook->do_action(Array)
#9 D:\xampp\htdocs\Portfolio\wordpress\wp-content\plugins\woocommerce\packages\action-scheduler\classes\ActionScheduler_AsyncRequest_QueueRunner.php(52): do_action('action_schedule...', 'Async Request')
#10 D:\xampp\htdocs\Portfolio\wordpress\wp-content\plugins\woocommerce\includes\libraries\wp-async-request.php(147): ActionScheduler_AsyncRequest_QueueRunner->handle()
#11 D:\xampp\htdocs\Portfolio\wordpress\wp-includes\class-wp-hook.php(292): WP_Async_Request->maybe_handle('')
#12 D:\xampp\htdocs\Portfolio\wordpress\wp-includes\class-wp-hook.php(316): WP_Hook->apply_filters('', Array)
#13 D:\xampp\htdocs\Portfolio\wordpress\wp-includes\plugin.php(484): WP_Hook->do_action(Array)
#14 D:\xampp\htdocs\Portfolio\wordpress\wp-admin\admin-ajax.php(187): do_action('wp_ajax_as_asyn...')
#15 {main}
  thrown in D:\xampp\htdocs\Portfolio\wordpress\wp-includes\class-wp-hook.php on line 292

2021-07-03T10:40:27+00:00 CRITICAL Uncaught Error: Unknown named parameter $tasks_meta_id in D:\xampp\htdocs\Portfolio\wordpress\wp-includes\class-wp-hook.php:292
Stack trace:
#0 D:\xampp\htdocs\Portfolio\wordpress\wp-includes\class-wp-hook.php(316): WP_Hook->apply_filters('', Array)
#1 D:\xampp\htdocs\Portfolio\wordpress\wp-includes\plugin.php(551): WP_Hook->do_action(Array)
#2 D:\xampp\htdocs\Portfolio\wordpress\wp-content\plugins\woocommerce\packages\action-scheduler\classes\actions\ActionScheduler_Action.php(22): do_action_ref_array('wpforms_admin_n...', Array)
#3 D:\xampp\htdocs\Portfolio\wordpress\wp-content\plugins\woocommerce\packages\action-scheduler\classes\abstracts\ActionScheduler_Abstract_QueueRunner.php(65): ActionScheduler_Action->execute()
#4 D:\xampp\htdocs\Portfolio\wordpress\wp-content\plugins\woocommerce\packages\action-scheduler\classes\ActionScheduler_QueueRunner.php(162): ActionScheduler_Abstract_QueueRunner->process_action(13, 'Async Request')
#5 D:\xampp\htdocs\Portfolio\wordpress\wp-content\plugins\woocommerce\packages\action-scheduler\classes\ActionScheduler_QueueRunner.php(132): ActionScheduler_QueueRunner->do_batch(25, 'Async Request')
#6 D:\xampp\htdocs\Portfolio\wordpress\wp-includes\class-wp-hook.php(292): ActionScheduler_QueueRunner->run('Async Request')
#7 D:\xampp\htdocs\Portfolio\wordpress\wp-includes\class-wp-hook.php(316): WP_Hook->apply_filters('', Array)
#8 D:\xampp\htdocs\Portfolio\wordpress\wp-includes\plugin.php(484): WP_Hook->do_action(Array)
#9 D:\xampp\htdocs\Portfolio\wordpress\wp-content\plugins\woocommerce\packages\action-scheduler\classes\ActionScheduler_AsyncRequest_QueueRunner.php(52): do_action('action_schedule...', 'Async Request')
#10 D:\xampp\htdocs\Portfolio\wordpress\wp-content\plugins\woocommerce\includes\libraries\wp-async-request.php(147): ActionScheduler_AsyncRequest_QueueRunner->handle()
#11 D:\xampp\htdocs\Portfolio\wordpress\wp-includes\class-wp-hook.php(292): WP_Async_Request->maybe_handle('')
#12 D:\xampp\htdocs\Portfolio\wordpress\wp-includes\class-wp-hook.php(316): WP_Hook->apply_filters('', Array)
#13 D:\xampp\htdocs\Portfolio\wordpress\wp-includes\plugin.php(484): WP_Hook->do_action(Array)
#14 D:\xampp\htdocs\Portfolio\wordpress\wp-admin\admin-ajax.php(187): do_action('wp_ajax_as_asyn...')
#15 {main}
  thrown in D:\xampp\htdocs\Portfolio\wordpress\wp-includes\class-wp-hook.php on line 292

2021-07-03T10:41:16+00:00 CRITICAL Uncaught Error: Unknown named parameter $tasks_meta_id in D:\xampp\htdocs\Portfolio\wordpress\wp-includes\class-wp-hook.php:292
Stack trace:
#0 D:\xampp\htdocs\Portfolio\wordpress\wp-includes\class-wp-hook.php(316): WP_Hook->apply_filters('', Array)
#1 D:\xampp\htdocs\Portfolio\wordpress\wp-includes\plugin.php(551): WP_Hook->do_action(Array)
#2 D:\xampp\htdocs\Portfolio\wordpress\wp-content\plugins\woocommerce\packages\action-scheduler\classes\actions\ActionScheduler_Action.php(22): do_action_ref_array('wpforms_admin_n...', Array)
#3 D:\xampp\htdocs\Portfolio\wordpress\wp-content\plugins\woocommerce\packages\action-scheduler\classes\abstracts\ActionScheduler_Abstract_QueueRunner.php(65): ActionScheduler_Action->execute()
#4 D:\xampp\htdocs\Portfolio\wordpress\wp-content\plugins\woocommerce\packages\action-scheduler\classes\ActionScheduler_QueueRunner.php(162): ActionScheduler_Abstract_QueueRunner->process_action(14, 'WP Cron')
#5 D:\xampp\htdocs\Portfolio\wordpress\wp-content\plugins\woocommerce\packages\action-scheduler\classes\ActionScheduler_QueueRunner.php(132): ActionScheduler_QueueRunner->do_batch(25, 'WP Cron')
#6 D:\xampp\htdocs\Portfolio\wordpress\wp-includes\class-wp-hook.php(292): ActionScheduler_QueueRunner->run('WP Cron')
#7 D:\xampp\htdocs\Portfolio\wordpress\wp-includes\class-wp-hook.php(316): WP_Hook->apply_filters('', Array)
#8 D:\xampp\htdocs\Portfolio\wordpress\wp-includes\plugin.php(551): WP_Hook->do_action(Array)
#9 D:\xampp\htdocs\Portfolio\wordpress\wp-cron.php(138): do_action_ref_array('action_schedule...', Array)
#10 {main}
  thrown in D:\xampp\htdocs\Portfolio\wordpress\wp-includes\class-wp-hook.php on line 292

2021-07-03T10:42:58+00:00 CRITICAL Uncaught Error: Unknown named parameter $tasks_meta_id in D:\xampp\htdocs\Portfolio\wordpress\wp-includes\class-wp-hook.php:292
Stack trace:
#0 D:\xampp\htdocs\Portfolio\wordpress\wp-includes\class-wp-hook.php(316): WP_Hook->apply_filters('', Array)
#1 D:\xampp\htdocs\Portfolio\wordpress\wp-includes\plugin.php(551): WP_Hook->do_action(Array)
#2 D:\xampp\htdocs\Portfolio\wordpress\wp-content\plugins\woocommerce\packages\action-scheduler\classes\actions\ActionScheduler_Action.php(22): do_action_ref_array('wpforms_admin_n...', Array)
#3 D:\xampp\htdocs\Portfolio\wordpress\wp-content\plugins\woocommerce\packages\action-scheduler\classes\abstracts\ActionScheduler_Abstract_QueueRunner.php(65): ActionScheduler_Action->execute()
#4 D:\xampp\htdocs\Portfolio\wordpress\wp-content\plugins\woocommerce\packages\action-scheduler\classes\ActionScheduler_QueueRunner.php(162): ActionScheduler_Abstract_QueueRunner->process_action(15, 'WP Cron')
#5 D:\xampp\htdocs\Portfolio\wordpress\wp-content\plugins\woocommerce\packages\action-scheduler\classes\ActionScheduler_QueueRunner.php(132): ActionScheduler_QueueRunner->do_batch(25, 'WP Cron')
#6 D:\xampp\htdocs\Portfolio\wordpress\wp-includes\class-wp-hook.php(292): ActionScheduler_QueueRunner->run('WP Cron')
#7 D:\xampp\htdocs\Portfolio\wordpress\wp-includes\class-wp-hook.php(316): WP_Hook->apply_filters('', Array)
#8 D:\xampp\htdocs\Portfolio\wordpress\wp-includes\plugin.php(551): WP_Hook->do_action(Array)
#9 D:\xampp\htdocs\Portfolio\wordpress\wp-cron.php(138): do_action_ref_array('action_schedule...', Array)
#10 {main}
  thrown in D:\xampp\htdocs\Portfolio\wordpress\wp-includes\class-wp-hook.php on line 292

2021-07-03T10:44:14+00:00 CRITICAL Uncaught Error: Unknown named parameter $tasks_meta_id in D:\xampp\htdocs\Portfolio\wordpress\wp-includes\class-wp-hook.php:292
Stack trace:
#0 D:\xampp\htdocs\Portfolio\wordpress\wp-includes\class-wp-hook.php(316): WP_Hook->apply_filters('', Array)
#1 D:\xampp\htdocs\Portfolio\wordpress\wp-includes\plugin.php(551): WP_Hook->do_action(Array)
#2 D:\xampp\htdocs\Portfolio\wordpress\wp-content\plugins\woocommerce\packages\action-scheduler\classes\actions\ActionScheduler_Action.php(22): do_action_ref_array('wpforms_admin_n...', Array)
#3 D:\xampp\htdocs\Portfolio\wordpress\wp-content\plugins\woocommerce\packages\action-scheduler\classes\abstracts\ActionScheduler_Abstract_QueueRunner.php(65): ActionScheduler_Action->execute()
#4 D:\xampp\htdocs\Portfolio\wordpress\wp-content\plugins\woocommerce\packages\action-scheduler\classes\ActionScheduler_QueueRunner.php(162): ActionScheduler_Abstract_QueueRunner->process_action(16, 'WP Cron')
#5 D:\xampp\htdocs\Portfolio\wordpress\wp-content\plugins\woocommerce\packages\action-scheduler\classes\ActionScheduler_QueueRunner.php(132): ActionScheduler_QueueRunner->do_batch(25, 'WP Cron')
#6 D:\xampp\htdocs\Portfolio\wordpress\wp-includes\class-wp-hook.php(292): ActionScheduler_QueueRunner->run('WP Cron')
#7 D:\xampp\htdocs\Portfolio\wordpress\wp-includes\class-wp-hook.php(316): WP_Hook->apply_filters('', Array)
#8 D:\xampp\htdocs\Portfolio\wordpress\wp-includes\plugin.php(551): WP_Hook->do_action(Array)
#9 D:\xampp\htdocs\Portfolio\wordpress\wp-cron.php(138): do_action_ref_array('action_schedule...', Array)
#10 {main}
  thrown in D:\xampp\htdocs\Portfolio\wordpress\wp-includes\class-wp-hook.php on line 292

2021-07-03T10:45:34+00:00 CRITICAL Uncaught Error: Unknown named parameter $tasks_meta_id in D:\xampp\htdocs\Portfolio\wordpress\wp-includes\class-wp-hook.php:292
Stack trace:
#0 D:\xampp\htdocs\Portfolio\wordpress\wp-includes\class-wp-hook.php(316): WP_Hook->apply_filters('', Array)
#1 D:\xampp\htdocs\Portfolio\wordpress\wp-includes\plugin.php(551): WP_Hook->do_action(Array)
#2 D:\xampp\htdocs\Portfolio\wordpress\wp-content\plugins\woocommerce\packages\action-scheduler\classes\actions\ActionScheduler_Action.php(22): do_action_ref_array('wpforms_admin_n...', Array)
#3 D:\xampp\htdocs\Portfolio\wordpress\wp-content\plugins\woocommerce\packages\action-scheduler\classes\abstracts\ActionScheduler_Abstract_QueueRunner.php(65): ActionScheduler_Action->execute()
#4 D:\xampp\htdocs\Portfolio\wordpress\wp-content\plugins\woocommerce\packages\action-scheduler\classes\ActionScheduler_QueueRunner.php(162): ActionScheduler_Abstract_QueueRunner->process_action(17, 'Async Request')
#5 D:\xampp\htdocs\Portfolio\wordpress\wp-content\plugins\woocommerce\packages\action-scheduler\classes\ActionScheduler_QueueRunner.php(132): ActionScheduler_QueueRunner->do_batch(25, 'Async Request')
#6 D:\xampp\htdocs\Portfolio\wordpress\wp-includes\class-wp-hook.php(292): ActionScheduler_QueueRunner->run('Async Request')
#7 D:\xampp\htdocs\Portfolio\wordpress\wp-includes\class-wp-hook.php(316): WP_Hook->apply_filters('', Array)
#8 D:\xampp\htdocs\Portfolio\wordpress\wp-includes\plugin.php(484): WP_Hook->do_action(Array)
#9 D:\xampp\htdocs\Portfolio\wordpress\wp-content\plugins\woocommerce\packages\action-scheduler\classes\ActionScheduler_AsyncRequest_QueueRunner.php(52): do_action('action_schedule...', 'Async Request')
#10 D:\xampp\htdocs\Portfolio\wordpress\wp-content\plugins\woocommerce\includes\libraries\wp-async-request.php(147): ActionScheduler_AsyncRequest_QueueRunner->handle()
#11 D:\xampp\htdocs\Portfolio\wordpress\wp-includes\class-wp-hook.php(292): WP_Async_Request->maybe_handle('')
#12 D:\xampp\htdocs\Portfolio\wordpress\wp-includes\class-wp-hook.php(316): WP_Hook->apply_filters('', Array)
#13 D:\xampp\htdocs\Portfolio\wordpress\wp-includes\plugin.php(484): WP_Hook->do_action(Array)
#14 D:\xampp\htdocs\Portfolio\wordpress\wp-admin\admin-ajax.php(187): do_action('wp_ajax_as_asyn...')
#15 {main}
  thrown in D:\xampp\htdocs\Portfolio\wordpress\wp-includes\class-wp-hook.php on line 292

2021-07-03T10:46:28+00:00 CRITICAL Uncaught Error: Unknown named parameter $tasks_meta_id in D:\xampp\htdocs\Portfolio\wordpress\wp-includes\class-wp-hook.php:292
Stack trace:
#0 D:\xampp\htdocs\Portfolio\wordpress\wp-includes\class-wp-hook.php(316): WP_Hook->apply_filters('', Array)
#1 D:\xampp\htdocs\Portfolio\wordpress\wp-includes\plugin.php(551): WP_Hook->do_action(Array)
#2 D:\xampp\htdocs\Portfolio\wordpress\wp-content\plugins\woocommerce\packages\action-scheduler\classes\actions\ActionScheduler_Action.php(22): do_action_ref_array('wpforms_admin_n...', Array)
#3 D:\xampp\htdocs\Portfolio\wordpress\wp-content\plugins\woocommerce\packages\action-scheduler\classes\abstracts\ActionScheduler_Abstract_QueueRunner.php(65): ActionScheduler_Action->execute()
#4 D:\xampp\htdocs\Portfolio\wordpress\wp-content\plugins\woocommerce\packages\action-scheduler\classes\ActionScheduler_QueueRunner.php(162): ActionScheduler_Abstract_QueueRunner->process_action(18, 'WP Cron')
#5 D:\xampp\htdocs\Portfolio\wordpress\wp-content\plugins\woocommerce\packages\action-scheduler\classes\ActionScheduler_QueueRunner.php(132): ActionScheduler_QueueRunner->do_batch(25, 'WP Cron')
#6 D:\xampp\htdocs\Portfolio\wordpress\wp-includes\class-wp-hook.php(292): ActionScheduler_QueueRunner->run('WP Cron')
#7 D:\xampp\htdocs\Portfolio\wordpress\wp-includes\class-wp-hook.php(316): WP_Hook->apply_filters('', Array)
#8 D:\xampp\htdocs\Portfolio\wordpress\wp-includes\plugin.php(551): WP_Hook->do_action(Array)
#9 D:\xampp\htdocs\Portfolio\wordpress\wp-cron.php(138): do_action_ref_array('action_schedule...', Array)
#10 {main}
  thrown in D:\xampp\htdocs\Portfolio\wordpress\wp-includes\class-wp-hook.php on line 292

2021-07-03T10:47:44+00:00 CRITICAL Uncaught RuntimeException: Unable to claim actions. Database error. in D:\xampp\htdocs\Portfolio\wordpress\wp-content\plugins\woocommerce\packages\action-scheduler\classes\data-stores\ActionScheduler_DBStore.php:675
Stack trace:
#0 D:\xampp\htdocs\Portfolio\wordpress\wp-content\plugins\woocommerce\packages\action-scheduler\classes\data-stores\ActionScheduler_DBStore.php(599): ActionScheduler_DBStore->claim_actions(0, 25, NULL, Array, '')
#1 D:\xampp\htdocs\Portfolio\wordpress\wp-content\plugins\woocommerce\packages\action-scheduler\classes\data-stores\ActionScheduler_HybridStore.php(221): ActionScheduler_DBStore->stake_claim(25, NULL, Array, '')
#2 D:\xampp\htdocs\Portfolio\wordpress\wp-content\plugins\woocommerce\packages\action-scheduler\classes\ActionScheduler_QueueRunner.php(153): ActionScheduler_HybridStore->stake_claim(25)
#3 D:\xampp\htdocs\Portfolio\wordpress\wp-content\plugins\woocommerce\packages\action-scheduler\classes\ActionScheduler_QueueRunner.php(132): ActionScheduler_QueueRunner->do_batch(25, 'WP Cron')
#4 D:\xampp\htdocs\Portfolio\wordpress\wp-includes\class-wp-hook.php(292): ActionScheduler_QueueRunner->run('WP Cron')
#5 D:\xampp\htdocs\Portfolio\wordpress\wp-includes\class-wp-hook.php(316): WP_Hook->apply_filters('', Array)
#6 D:\xampp\htdocs\Portfolio\wordpress\wp-includes\plugin.php(551): WP_Hook->do_action(Array)
#7 D:\xampp\htdocs\Portfolio\wordpress\wp-cron.php(138): do_action_ref_array('action_schedule...', Array)
#8 {main}
  thrown in D:\xampp\htdocs\Portfolio\wordpress\wp-content\plugins\woocommerce\packages\action-scheduler\classes\data-stores\ActionScheduler_DBStore.php on line 675

2021-07-03T11:07:23+00:00 CRITICAL Uncaught Error: Unknown named parameter $tasks_meta_id in D:\xampp\htdocs\Portfolio\wordpress\wp-includes\class-wp-hook.php:292
Stack trace:
#0 D:\xampp\htdocs\Portfolio\wordpress\wp-includes\class-wp-hook.php(316): WP_Hook->apply_filters('', Array)
#1 D:\xampp\htdocs\Portfolio\wordpress\wp-includes\plugin.php(551): WP_Hook->do_action(Array)
#2 D:\xampp\htdocs\Portfolio\wordpress\wp-content\plugins\woocommerce\packages\action-scheduler\classes\actions\ActionScheduler_Action.php(22): do_action_ref_array('wpforms_email_s...', Array)
#3 D:\xampp\htdocs\Portfolio\wordpress\wp-content\plugins\woocommerce\packages\action-scheduler\classes\abstracts\ActionScheduler_Abstract_QueueRunner.php(65): ActionScheduler_Action->execute()
#4 D:\xampp\htdocs\Portfolio\wordpress\wp-content\plugins\woocommerce\packages\action-scheduler\classes\ActionScheduler_QueueRunner.php(162): ActionScheduler_Abstract_QueueRunner->process_action(11, 'WP Cron')
#5 D:\xampp\htdocs\Portfolio\wordpress\wp-content\plugins\woocommerce\packages\action-scheduler\classes\ActionScheduler_QueueRunner.php(132): ActionScheduler_QueueRunner->do_batch(25, 'WP Cron')
#6 D:\xampp\htdocs\Portfolio\wordpress\wp-includes\class-wp-hook.php(292): ActionScheduler_QueueRunner->run('WP Cron')
#7 D:\xampp\htdocs\Portfolio\wordpress\wp-includes\class-wp-hook.php(316): WP_Hook->apply_filters('', Array)
#8 D:\xampp\htdocs\Portfolio\wordpress\wp-includes\plugin.php(551): WP_Hook->do_action(Array)
#9 D:\xampp\htdocs\Portfolio\wordpress\wp-cron.php(138): do_action_ref_array('action_schedule...', Array)
#10 {main}
  thrown in D:\xampp\htdocs\Portfolio\wordpress\wp-includes\class-wp-hook.php on line 292

2021-07-03T11:08:28+00:00 CRITICAL Uncaught Error: Unknown named parameter $tasks_meta_id in D:\xampp\htdocs\Portfolio\wordpress\wp-includes\class-wp-hook.php:292
Stack trace:
#0 D:\xampp\htdocs\Portfolio\wordpress\wp-includes\class-wp-hook.php(316): WP_Hook->apply_filters('', Array)
#1 D:\xampp\htdocs\Portfolio\wordpress\wp-includes\plugin.php(551): WP_Hook->do_action(Array)
#2 D:\xampp\htdocs\Portfolio\wordpress\wp-content\plugins\woocommerce\packages\action-scheduler\classes\actions\ActionScheduler_Action.php(22): do_action_ref_array('wpforms_email_s...', Array)
#3 D:\xampp\htdocs\Portfolio\wordpress\wp-content\plugins\woocommerce\packages\action-scheduler\classes\abstracts\ActionScheduler_Abstract_QueueRunner.php(65): ActionScheduler_Action->execute()
#4 D:\xampp\htdocs\Portfolio\wordpress\wp-content\plugins\woocommerce\packages\action-scheduler\classes\ActionScheduler_QueueRunner.php(162): ActionScheduler_Abstract_QueueRunner->process_action(13, 'WP Cron')
#5 D:\xampp\htdocs\Portfolio\wordpress\wp-content\plugins\woocommerce\packages\action-scheduler\classes\ActionScheduler_QueueRunner.php(132): ActionScheduler_QueueRunner->do_batch(25, 'WP Cron')
#6 D:\xampp\htdocs\Portfolio\wordpress\wp-includes\class-wp-hook.php(292): ActionScheduler_QueueRunner->run('WP Cron')
#7 D:\xampp\htdocs\Portfolio\wordpress\wp-includes\class-wp-hook.php(316): WP_Hook->apply_filters('', Array)
#8 D:\xampp\htdocs\Portfolio\wordpress\wp-includes\plugin.php(551): WP_Hook->do_action(Array)
#9 D:\xampp\htdocs\Portfolio\wordpress\wp-cron.php(138): do_action_ref_array('action_schedule...', Array)
#10 {main}
  thrown in D:\xampp\htdocs\Portfolio\wordpress\wp-includes\class-wp-hook.php on line 292

2021-07-03T11:08:30+00:00 CRITICAL Uncaught Error: Unknown named parameter $tasks_meta_id in D:\xampp\htdocs\Portfolio\wordpress\wp-includes\class-wp-hook.php:292
Stack trace:
#0 D:\xampp\htdocs\Portfolio\wordpress\wp-includes\class-wp-hook.php(316): WP_Hook->apply_filters('', Array)
#1 D:\xampp\htdocs\Portfolio\wordpress\wp-includes\plugin.php(551): WP_Hook->do_action(Array)
#2 D:\xampp\htdocs\Portfolio\wordpress\wp-content\plugins\woocommerce\packages\action-scheduler\classes\actions\ActionScheduler_Action.php(22): do_action_ref_array('wpforms_admin_n...', Array)
#3 D:\xampp\htdocs\Portfolio\wordpress\wp-content\plugins\woocommerce\packages\action-scheduler\classes\abstracts\ActionScheduler_Abstract_QueueRunner.php(65): ActionScheduler_Action->execute()
#4 D:\xampp\htdocs\Portfolio\wordpress\wp-content\plugins\woocommerce\packages\action-scheduler\classes\ActionScheduler_QueueRunner.php(162): ActionScheduler_Abstract_QueueRunner->process_action(14, 'Async Request')
#5 D:\xampp\htdocs\Portfolio\wordpress\wp-content\plugins\woocommerce\packages\action-scheduler\classes\ActionScheduler_QueueRunner.php(132): ActionScheduler_QueueRunner->do_batch(25, 'Async Request')
#6 D:\xampp\htdocs\Portfolio\wordpress\wp-includes\class-wp-hook.php(292): ActionScheduler_QueueRunner->run('Async Request')
#7 D:\xampp\htdocs\Portfolio\wordpress\wp-includes\class-wp-hook.php(316): WP_Hook->apply_filters('', Array)
#8 D:\xampp\htdocs\Portfolio\wordpress\wp-includes\plugin.php(484): WP_Hook->do_action(Array)
#9 D:\xampp\htdocs\Portfolio\wordpress\wp-content\plugins\woocommerce\packages\action-scheduler\classes\ActionScheduler_AsyncRequest_QueueRunner.php(52): do_action('action_schedule...', 'Async Request')
#10 D:\xampp\htdocs\Portfolio\wordpress\wp-content\plugins\woocommerce\includes\libraries\wp-async-request.php(147): ActionScheduler_AsyncRequest_QueueRunner->handle()
#11 D:\xampp\htdocs\Portfolio\wordpress\wp-includes\class-wp-hook.php(292): WP_Async_Request->maybe_handle('')
#12 D:\xampp\htdocs\Portfolio\wordpress\wp-includes\class-wp-hook.php(316): WP_Hook->apply_filters('', Array)
#13 D:\xampp\htdocs\Portfolio\wordpress\wp-includes\plugin.php(484): WP_Hook->do_action(Array)
#14 D:\xampp\htdocs\Portfolio\wordpress\wp-admin\admin-ajax.php(187): do_action('wp_ajax_as_asyn...')
#15 {main}
  thrown in D:\xampp\htdocs\Portfolio\wordpress\wp-includes\class-wp-hook.php on line 292

2021-07-03T11:09:33+00:00 CRITICAL Uncaught Error: Unknown named parameter $tasks_meta_id in D:\xampp\htdocs\Portfolio\wordpress\wp-includes\class-wp-hook.php:292
Stack trace:
#0 D:\xampp\htdocs\Portfolio\wordpress\wp-includes\class-wp-hook.php(316): WP_Hook->apply_filters('', Array)
#1 D:\xampp\htdocs\Portfolio\wordpress\wp-includes\plugin.php(551): WP_Hook->do_action(Array)
#2 D:\xampp\htdocs\Portfolio\wordpress\wp-content\plugins\woocommerce\packages\action-scheduler\classes\actions\ActionScheduler_Action.php(22): do_action_ref_array('wpforms_email_s...', Array)
#3 D:\xampp\htdocs\Portfolio\wordpress\wp-content\plugins\woocommerce\packages\action-scheduler\classes\abstracts\ActionScheduler_Abstract_QueueRunner.php(65): ActionScheduler_Action->execute()
#4 D:\xampp\htdocs\Portfolio\wordpress\wp-content\plugins\woocommerce\packages\action-scheduler\classes\ActionScheduler_QueueRunner.php(162): ActionScheduler_Abstract_QueueRunner->process_action(15, 'Async Request')
#5 D:\xampp\htdocs\Portfolio\wordpress\wp-content\plugins\woocommerce\packages\action-scheduler\classes\ActionScheduler_QueueRunner.php(132): ActionScheduler_QueueRunner->do_batch(25, 'Async Request')
#6 D:\xampp\htdocs\Portfolio\wordpress\wp-includes\class-wp-hook.php(292): ActionScheduler_QueueRunner->run('Async Request')
#7 D:\xampp\htdocs\Portfolio\wordpress\wp-includes\class-wp-hook.php(316): WP_Hook->apply_filters('', Array)
#8 D:\xampp\htdocs\Portfolio\wordpress\wp-includes\plugin.php(484): WP_Hook->do_action(Array)
#9 D:\xampp\htdocs\Portfolio\wordpress\wp-content\plugins\woocommerce\packages\action-scheduler\classes\ActionScheduler_AsyncRequest_QueueRunner.php(52): do_action('action_schedule...', 'Async Request')
#10 D:\xampp\htdocs\Portfolio\wordpress\wp-content\plugins\woocommerce\includes\libraries\wp-async-request.php(147): ActionScheduler_AsyncRequest_QueueRunner->handle()
#11 D:\xampp\htdocs\Portfolio\wordpress\wp-includes\class-wp-hook.php(292): WP_Async_Request->maybe_handle('')
#12 D:\xampp\htdocs\Portfolio\wordpress\wp-includes\class-wp-hook.php(316): WP_Hook->apply_filters('', Array)
#13 D:\xampp\htdocs\Portfolio\wordpress\wp-includes\plugin.php(484): WP_Hook->do_action(Array)
#14 D:\xampp\htdocs\Portfolio\wordpress\wp-admin\admin-ajax.php(187): do_action('wp_ajax_as_asyn...')
#15 {main}
  thrown in D:\xampp\htdocs\Portfolio\wordpress\wp-includes\class-wp-hook.php on line 292

2021-07-03T11:09:34+00:00 CRITICAL Uncaught Error: Unknown named parameter $tasks_meta_id in D:\xampp\htdocs\Portfolio\wordpress\wp-includes\class-wp-hook.php:292
Stack trace:
#0 D:\xampp\htdocs\Portfolio\wordpress\wp-includes\class-wp-hook.php(316): WP_Hook->apply_filters('', Array)
#1 D:\xampp\htdocs\Portfolio\wordpress\wp-includes\plugin.php(551): WP_Hook->do_action(Array)
#2 D:\xampp\htdocs\Portfolio\wordpress\wp-content\plugins\woocommerce\packages\action-scheduler\classes\actions\ActionScheduler_Action.php(22): do_action_ref_array('wpforms_email_s...', Array)
#3 D:\xampp\htdocs\Portfolio\wordpress\wp-content\plugins\woocommerce\packages\action-scheduler\classes\abstracts\ActionScheduler_Abstract_QueueRunner.php(65): ActionScheduler_Action->execute()
#4 D:\xampp\htdocs\Portfolio\wordpress\wp-content\plugins\woocommerce\packages\action-scheduler\classes\ActionScheduler_QueueRunner.php(162): ActionScheduler_Abstract_QueueRunner->process_action(16, 'Async Request')
#5 D:\xampp\htdocs\Portfolio\wordpress\wp-content\plugins\woocommerce\packages\action-scheduler\classes\ActionScheduler_QueueRunner.php(132): ActionScheduler_QueueRunner->do_batch(25, 'Async Request')
#6 D:\xampp\htdocs\Portfolio\wordpress\wp-includes\class-wp-hook.php(292): ActionScheduler_QueueRunner->run('Async Request')
#7 D:\xampp\htdocs\Portfolio\wordpress\wp-includes\class-wp-hook.php(316): WP_Hook->apply_filters('', Array)
#8 D:\xampp\htdocs\Portfolio\wordpress\wp-includes\plugin.php(484): WP_Hook->do_action(Array)
#9 D:\xampp\htdocs\Portfolio\wordpress\wp-content\plugins\woocommerce\packages\action-scheduler\classes\ActionScheduler_AsyncRequest_QueueRunner.php(52): do_action('action_schedule...', 'Async Request')
#10 D:\xampp\htdocs\Portfolio\wordpress\wp-content\plugins\woocommerce\includes\libraries\wp-async-request.php(147): ActionScheduler_AsyncRequest_QueueRunner->handle()
#11 D:\xampp\htdocs\Portfolio\wordpress\wp-includes\class-wp-hook.php(292): WP_Async_Request->maybe_handle('')
#12 D:\xampp\htdocs\Portfolio\wordpress\wp-includes\class-wp-hook.php(316): WP_Hook->apply_filters('', Array)
#13 D:\xampp\htdocs\Portfolio\wordpress\wp-includes\plugin.php(484): WP_Hook->do_action(Array)
#14 D:\xampp\htdocs\Portfolio\wordpress\wp-admin\admin-ajax.php(187): do_action('wp_ajax_as_asyn...')
#15 {main}
  thrown in D:\xampp\htdocs\Portfolio\wordpress\wp-includes\class-wp-hook.php on line 292

2021-07-03T11:32:33+00:00 CRITICAL Uncaught Error: Unknown named parameter $tasks_meta_id in D:\xampp\htdocs\Portfolio\wordpress\wp-includes\class-wp-hook.php:292
Stack trace:
#0 D:\xampp\htdocs\Portfolio\wordpress\wp-includes\class-wp-hook.php(316): WP_Hook->apply_filters('', Array)
#1 D:\xampp\htdocs\Portfolio\wordpress\wp-includes\plugin.php(551): WP_Hook->do_action(Array)
#2 D:\xampp\htdocs\Portfolio\wordpress\wp-content\plugins\woocommerce\packages\action-scheduler\classes\actions\ActionScheduler_Action.php(22): do_action_ref_array('wpforms_admin_n...', Array)
#3 D:\xampp\htdocs\Portfolio\wordpress\wp-content\plugins\woocommerce\packages\action-scheduler\classes\abstracts\ActionScheduler_Abstract_QueueRunner.php(65): ActionScheduler_Action->execute()
#4 D:\xampp\htdocs\Portfolio\wordpress\wp-content\plugins\woocommerce\packages\action-scheduler\classes\ActionScheduler_QueueRunner.php(162): ActionScheduler_Abstract_QueueRunner->process_action(18, 'WP Cron')
#5 D:\xampp\htdocs\Portfolio\wordpress\wp-content\plugins\woocommerce\packages\action-scheduler\classes\ActionScheduler_QueueRunner.php(132): ActionScheduler_QueueRunner->do_batch(25, 'WP Cron')
#6 D:\xampp\htdocs\Portfolio\wordpress\wp-includes\class-wp-hook.php(292): ActionScheduler_QueueRunner->run('WP Cron')
#7 D:\xampp\htdocs\Portfolio\wordpress\wp-includes\class-wp-hook.php(316): WP_Hook->apply_filters('', Array)
#8 D:\xampp\htdocs\Portfolio\wordpress\wp-includes\plugin.php(551): WP_Hook->do_action(Array)
#9 D:\xampp\htdocs\Portfolio\wordpress\wp-cron.php(138): do_action_ref_array('action_schedule...', Array)
#10 {main}
  thrown in D:\xampp\htdocs\Portfolio\wordpress\wp-includes\class-wp-hook.php on line 292

2021-07-03T12:56:57+00:00 CRITICAL Uncaught Error: Unknown named parameter $tasks_meta_id in D:\xampp\htdocs\Portfolio\wordpress\wp-includes\class-wp-hook.php:292
Stack trace:
#0 D:\xampp\htdocs\Portfolio\wordpress\wp-includes\class-wp-hook.php(316): WP_Hook->apply_filters('', Array)
#1 D:\xampp\htdocs\Portfolio\wordpress\wp-includes\plugin.php(551): WP_Hook->do_action(Array)
#2 D:\xampp\htdocs\Portfolio\wordpress\wp-content\plugins\woocommerce\packages\action-scheduler\classes\actions\ActionScheduler_Action.php(22): do_action_ref_array('wpforms_admin_n...', Array)
#3 D:\xampp\htdocs\Portfolio\wordpress\wp-content\plugins\woocommerce\packages\action-scheduler\classes\abstracts\ActionScheduler_Abstract_QueueRunner.php(65): ActionScheduler_Action->execute()
#4 D:\xampp\htdocs\Portfolio\wordpress\wp-content\plugins\woocommerce\packages\action-scheduler\classes\ActionScheduler_QueueRunner.php(162): ActionScheduler_Abstract_QueueRunner->process_action(19, 'Async Request')
#5 D:\xampp\htdocs\Portfolio\wordpress\wp-content\plugins\woocommerce\packages\action-scheduler\classes\ActionScheduler_QueueRunner.php(132): ActionScheduler_QueueRunner->do_batch(25, 'Async Request')
#6 D:\xampp\htdocs\Portfolio\wordpress\wp-includes\class-wp-hook.php(292): ActionScheduler_QueueRunner->run('Async Request')
#7 D:\xampp\htdocs\Portfolio\wordpress\wp-includes\class-wp-hook.php(316): WP_Hook->apply_filters('', Array)
#8 D:\xampp\htdocs\Portfolio\wordpress\wp-includes\plugin.php(484): WP_Hook->do_action(Array)
#9 D:\xampp\htdocs\Portfolio\wordpress\wp-content\plugins\woocommerce\packages\action-scheduler\classes\ActionScheduler_AsyncRequest_QueueRunner.php(52): do_action('action_schedule...', 'Async Request')
#10 D:\xampp\htdocs\Portfolio\wordpress\wp-content\plugins\woocommerce\includes\libraries\wp-async-request.php(147): ActionScheduler_AsyncRequest_QueueRunner->handle()
#11 D:\xampp\htdocs\Portfolio\wordpress\wp-includes\class-wp-hook.php(292): WP_Async_Request->maybe_handle('')
#12 D:\xampp\htdocs\Portfolio\wordpress\wp-includes\class-wp-hook.php(316): WP_Hook->apply_filters('', Array)
#13 D:\xampp\htdocs\Portfolio\wordpress\wp-includes\plugin.php(484): WP_Hook->do_action(Array)
#14 D:\xampp\htdocs\Portfolio\wordpress\wp-admin\admin-ajax.php(187): do_action('wp_ajax_as_asyn...')
#15 {main}
  thrown in D:\xampp\htdocs\Portfolio\wordpress\wp-includes\class-wp-hook.php on line 292

2021-07-03T12:59:21+00:00 CRITICAL Uncaught Error: Unknown named parameter $tasks_meta_id in D:\xampp\htdocs\Portfolio\wordpress\wp-includes\class-wp-hook.php:292
Stack trace:
#0 D:\xampp\htdocs\Portfolio\wordpress\wp-includes\class-wp-hook.php(316): WP_Hook->apply_filters('', Array)
#1 D:\xampp\htdocs\Portfolio\wordpress\wp-includes\plugin.php(551): WP_Hook->do_action(Array)
#2 D:\xampp\htdocs\Portfolio\wordpress\wp-content\plugins\woocommerce\packages\action-scheduler\classes\actions\ActionScheduler_Action.php(22): do_action_ref_array('wpforms_admin_n...', Array)
#3 D:\xampp\htdocs\Portfolio\wordpress\wp-content\plugins\woocommerce\packages\action-scheduler\classes\abstracts\ActionScheduler_Abstract_QueueRunner.php(65): ActionScheduler_Action->execute()
#4 D:\xampp\htdocs\Portfolio\wordpress\wp-content\plugins\woocommerce\packages\action-scheduler\classes\ActionScheduler_QueueRunner.php(162): ActionScheduler_Abstract_QueueRunner->process_action(20, 'WP Cron')
#5 D:\xampp\htdocs\Portfolio\wordpress\wp-content\plugins\woocommerce\packages\action-scheduler\classes\ActionScheduler_QueueRunner.php(132): ActionScheduler_QueueRunner->do_batch(25, 'WP Cron')
#6 D:\xampp\htdocs\Portfolio\wordpress\wp-includes\class-wp-hook.php(292): ActionScheduler_QueueRunner->run('WP Cron')
#7 D:\xampp\htdocs\Portfolio\wordpress\wp-includes\class-wp-hook.php(316): WP_Hook->apply_filters('', Array)
#8 D:\xampp\htdocs\Portfolio\wordpress\wp-includes\plugin.php(551): WP_Hook->do_action(Array)
#9 D:\xampp\htdocs\Portfolio\wordpress\wp-cron.php(138): do_action_ref_array('action_schedule...', Array)
#10 {main}
  thrown in D:\xampp\htdocs\Portfolio\wordpress\wp-includes\class-wp-hook.php on line 292

2021-07-03T13:00:33+00:00 CRITICAL Uncaught Error: Unknown named parameter $tasks_meta_id in D:\xampp\htdocs\Portfolio\wordpress\wp-includes\class-wp-hook.php:292
Stack trace:
#0 D:\xampp\htdocs\Portfolio\wordpress\wp-includes\class-wp-hook.php(316): WP_Hook->apply_filters('', Array)
#1 D:\xampp\htdocs\Portfolio\wordpress\wp-includes\plugin.php(551): WP_Hook->do_action(Array)
#2 D:\xampp\htdocs\Portfolio\wordpress\wp-content\plugins\woocommerce\packages\action-scheduler\classes\actions\ActionScheduler_Action.php(22): do_action_ref_array('wpforms_admin_n...', Array)
#3 D:\xampp\htdocs\Portfolio\wordpress\wp-content\plugins\woocommerce\packages\action-scheduler\classes\abstracts\ActionScheduler_Abstract_QueueRunner.php(65): ActionScheduler_Action->execute()
#4 D:\xampp\htdocs\Portfolio\wordpress\wp-content\plugins\woocommerce\packages\action-scheduler\classes\ActionScheduler_QueueRunner.php(162): ActionScheduler_Abstract_QueueRunner->process_action(21, 'WP Cron')
#5 D:\xampp\htdocs\Portfolio\wordpress\wp-content\plugins\woocommerce\packages\action-scheduler\classes\ActionScheduler_QueueRunner.php(132): ActionScheduler_QueueRunner->do_batch(25, 'WP Cron')
#6 D:\xampp\htdocs\Portfolio\wordpress\wp-includes\class-wp-hook.php(292): ActionScheduler_QueueRunner->run('WP Cron')
#7 D:\xampp\htdocs\Portfolio\wordpress\wp-includes\class-wp-hook.php(316): WP_Hook->apply_filters('', Array)
#8 D:\xampp\htdocs\Portfolio\wordpress\wp-includes\plugin.php(551): WP_Hook->do_action(Array)
#9 D:\xampp\htdocs\Portfolio\wordpress\wp-cron.php(138): do_action_ref_array('action_schedule...', Array)
#10 {main}
  thrown in D:\xampp\htdocs\Portfolio\wordpress\wp-includes\class-wp-hook.php on line 292

2021-07-03T13:03:57+00:00 CRITICAL Uncaught Error: Unknown named parameter $tasks_meta_id in D:\xampp\htdocs\Portfolio\wordpress\wp-includes\class-wp-hook.php:292
Stack trace:
#0 D:\xampp\htdocs\Portfolio\wordpress\wp-includes\class-wp-hook.php(316): WP_Hook->apply_filters('', Array)
#1 D:\xampp\htdocs\Portfolio\wordpress\wp-includes\plugin.php(551): WP_Hook->do_action(Array)
#2 D:\xampp\htdocs\Portfolio\wordpress\wp-content\plugins\woocommerce\packages\action-scheduler\classes\actions\ActionScheduler_Action.php(22): do_action_ref_array('wpforms_admin_n...', Array)
#3 D:\xampp\htdocs\Portfolio\wordpress\wp-content\plugins\woocommerce\packages\action-scheduler\classes\abstracts\ActionScheduler_Abstract_QueueRunner.php(65): ActionScheduler_Action->execute()
#4 D:\xampp\htdocs\Portfolio\wordpress\wp-content\plugins\woocommerce\packages\action-scheduler\classes\ActionScheduler_QueueRunner.php(162): ActionScheduler_Abstract_QueueRunner->process_action(22, 'Async Request')
#5 D:\xampp\htdocs\Portfolio\wordpress\wp-content\plugins\woocommerce\packages\action-scheduler\classes\ActionScheduler_QueueRunner.php(132): ActionScheduler_QueueRunner->do_batch(25, 'Async Request')
#6 D:\xampp\htdocs\Portfolio\wordpress\wp-includes\class-wp-hook.php(292): ActionScheduler_QueueRunner->run('Async Request')
#7 D:\xampp\htdocs\Portfolio\wordpress\wp-includes\class-wp-hook.php(316): WP_Hook->apply_filters('', Array)
#8 D:\xampp\htdocs\Portfolio\wordpress\wp-includes\plugin.php(484): WP_Hook->do_action(Array)
#9 D:\xampp\htdocs\Portfolio\wordpress\wp-content\plugins\woocommerce\packages\action-scheduler\classes\ActionScheduler_AsyncRequest_QueueRunner.php(52): do_action('action_schedule...', 'Async Request')
#10 D:\xampp\htdocs\Portfolio\wordpress\wp-content\plugins\woocommerce\includes\libraries\wp-async-request.php(147): ActionScheduler_AsyncRequest_QueueRunner->handle()
#11 D:\xampp\htdocs\Portfolio\wordpress\wp-includes\class-wp-hook.php(292): WP_Async_Request->maybe_handle('')
#12 D:\xampp\htdocs\Portfolio\wordpress\wp-includes\class-wp-hook.php(316): WP_Hook->apply_filters('', Array)
#13 D:\xampp\htdocs\Portfolio\wordpress\wp-includes\plugin.php(484): WP_Hook->do_action(Array)
#14 D:\xampp\htdocs\Portfolio\wordpress\wp-admin\admin-ajax.php(187): do_action('wp_ajax_as_asyn...')
#15 {main}
  thrown in D:\xampp\htdocs\Portfolio\wordpress\wp-includes\class-wp-hook.php on line 292

2021-07-03T13:05:08+00:00 CRITICAL Uncaught Error: Unknown named parameter $tasks_meta_id in D:\xampp\htdocs\Portfolio\wordpress\wp-includes\class-wp-hook.php:292
Stack trace:
#0 D:\xampp\htdocs\Portfolio\wordpress\wp-includes\class-wp-hook.php(316): WP_Hook->apply_filters('', Array)
#1 D:\xampp\htdocs\Portfolio\wordpress\wp-includes\plugin.php(551): WP_Hook->do_action(Array)
#2 D:\xampp\htdocs\Portfolio\wordpress\wp-content\plugins\woocommerce\packages\action-scheduler\classes\actions\ActionScheduler_Action.php(22): do_action_ref_array('wpforms_admin_n...', Array)
#3 D:\xampp\htdocs\Portfolio\wordpress\wp-content\plugins\woocommerce\packages\action-scheduler\classes\abstracts\ActionScheduler_Abstract_QueueRunner.php(65): ActionScheduler_Action->execute()
#4 D:\xampp\htdocs\Portfolio\wordpress\wp-content\plugins\woocommerce\packages\action-scheduler\classes\ActionScheduler_QueueRunner.php(162): ActionScheduler_Abstract_QueueRunner->process_action(23, 'Async Request')
#5 D:\xampp\htdocs\Portfolio\wordpress\wp-content\plugins\woocommerce\packages\action-scheduler\classes\ActionScheduler_QueueRunner.php(132): ActionScheduler_QueueRunner->do_batch(25, 'Async Request')
#6 D:\xampp\htdocs\Portfolio\wordpress\wp-includes\class-wp-hook.php(292): ActionScheduler_QueueRunner->run('Async Request')
#7 D:\xampp\htdocs\Portfolio\wordpress\wp-includes\class-wp-hook.php(316): WP_Hook->apply_filters('', Array)
#8 D:\xampp\htdocs\Portfolio\wordpress\wp-includes\plugin.php(484): WP_Hook->do_action(Array)
#9 D:\xampp\htdocs\Portfolio\wordpress\wp-content\plugins\woocommerce\packages\action-scheduler\classes\ActionScheduler_AsyncRequest_QueueRunner.php(52): do_action('action_schedule...', 'Async Request')
#10 D:\xampp\htdocs\Portfolio\wordpress\wp-content\plugins\woocommerce\includes\libraries\wp-async-request.php(147): ActionScheduler_AsyncRequest_QueueRunner->handle()
#11 D:\xampp\htdocs\Portfolio\wordpress\wp-includes\class-wp-hook.php(292): WP_Async_Request->maybe_handle('')
#12 D:\xampp\htdocs\Portfolio\wordpress\wp-includes\class-wp-hook.php(316): WP_Hook->apply_filters('', Array)
#13 D:\xampp\htdocs\Portfolio\wordpress\wp-includes\plugin.php(484): WP_Hook->do_action(Array)
#14 D:\xampp\htdocs\Portfolio\wordpress\wp-admin\admin-ajax.php(187): do_action('wp_ajax_as_asyn...')
#15 {main}
  thrown in D:\xampp\htdocs\Portfolio\wordpress\wp-includes\class-wp-hook.php on line 292

2021-07-03T13:06:31+00:00 CRITICAL Uncaught Error: Unknown named parameter $tasks_meta_id in D:\xampp\htdocs\Portfolio\wordpress\wp-includes\class-wp-hook.php:292
Stack trace:
#0 D:\xampp\htdocs\Portfolio\wordpress\wp-includes\class-wp-hook.php(316): WP_Hook->apply_filters('', Array)
#1 D:\xampp\htdocs\Portfolio\wordpress\wp-includes\plugin.php(551): WP_Hook->do_action(Array)
#2 D:\xampp\htdocs\Portfolio\wordpress\wp-content\plugins\woocommerce\packages\action-scheduler\classes\actions\ActionScheduler_Action.php(22): do_action_ref_array('wpforms_admin_n...', Array)
#3 D:\xampp\htdocs\Portfolio\wordpress\wp-content\plugins\woocommerce\packages\action-scheduler\classes\abstracts\ActionScheduler_Abstract_QueueRunner.php(65): ActionScheduler_Action->execute()
#4 D:\xampp\htdocs\Portfolio\wordpress\wp-content\plugins\woocommerce\packages\action-scheduler\classes\ActionScheduler_QueueRunner.php(162): ActionScheduler_Abstract_QueueRunner->process_action(24, 'WP Cron')
#5 D:\xampp\htdocs\Portfolio\wordpress\wp-content\plugins\woocommerce\packages\action-scheduler\classes\ActionScheduler_QueueRunner.php(132): ActionScheduler_QueueRunner->do_batch(25, 'WP Cron')
#6 D:\xampp\htdocs\Portfolio\wordpress\wp-includes\class-wp-hook.php(292): ActionScheduler_QueueRunner->run('WP Cron')
#7 D:\xampp\htdocs\Portfolio\wordpress\wp-includes\class-wp-hook.php(316): WP_Hook->apply_filters('', Array)
#8 D:\xampp\htdocs\Portfolio\wordpress\wp-includes\plugin.php(551): WP_Hook->do_action(Array)
#9 D:\xampp\htdocs\Portfolio\wordpress\wp-cron.php(138): do_action_ref_array('action_schedule...', Array)
#10 {main}
  thrown in D:\xampp\htdocs\Portfolio\wordpress\wp-includes\class-wp-hook.php on line 292

2021-07-03T13:07:33+00:00 CRITICAL Uncaught Error: Unknown named parameter $tasks_meta_id in D:\xampp\htdocs\Portfolio\wordpress\wp-includes\class-wp-hook.php:292
Stack trace:
#0 D:\xampp\htdocs\Portfolio\wordpress\wp-includes\class-wp-hook.php(316): WP_Hook->apply_filters('', Array)
#1 D:\xampp\htdocs\Portfolio\wordpress\wp-includes\plugin.php(551): WP_Hook->do_action(Array)
#2 D:\xampp\htdocs\Portfolio\wordpress\wp-content\plugins\woocommerce\packages\action-scheduler\classes\actions\ActionScheduler_Action.php(22): do_action_ref_array('wpforms_admin_n...', Array)
#3 D:\xampp\htdocs\Portfolio\wordpress\wp-content\plugins\woocommerce\packages\action-scheduler\classes\abstracts\ActionScheduler_Abstract_QueueRunner.php(65): ActionScheduler_Action->execute()
#4 D:\xampp\htdocs\Portfolio\wordpress\wp-content\plugins\woocommerce\packages\action-scheduler\classes\ActionScheduler_QueueRunner.php(162): ActionScheduler_Abstract_QueueRunner->process_action(25, 'Async Request')
#5 D:\xampp\htdocs\Portfolio\wordpress\wp-content\plugins\woocommerce\packages\action-scheduler\classes\ActionScheduler_QueueRunner.php(132): ActionScheduler_QueueRunner->do_batch(25, 'Async Request')
#6 D:\xampp\htdocs\Portfolio\wordpress\wp-includes\class-wp-hook.php(292): ActionScheduler_QueueRunner->run('Async Request')
#7 D:\xampp\htdocs\Portfolio\wordpress\wp-includes\class-wp-hook.php(316): WP_Hook->apply_filters('', Array)
#8 D:\xampp\htdocs\Portfolio\wordpress\wp-includes\plugin.php(484): WP_Hook->do_action(Array)
#9 D:\xampp\htdocs\Portfolio\wordpress\wp-content\plugins\woocommerce\packages\action-scheduler\classes\ActionScheduler_AsyncRequest_QueueRunner.php(52): do_action('action_schedule...', 'Async Request')
#10 D:\xampp\htdocs\Portfolio\wordpress\wp-content\plugins\woocommerce\includes\libraries\wp-async-request.php(147): ActionScheduler_AsyncRequest_QueueRunner->handle()
#11 D:\xampp\htdocs\Portfolio\wordpress\wp-includes\class-wp-hook.php(292): WP_Async_Request->maybe_handle('')
#12 D:\xampp\htdocs\Portfolio\wordpress\wp-includes\class-wp-hook.php(316): WP_Hook->apply_filters('', Array)
#13 D:\xampp\htdocs\Portfolio\wordpress\wp-includes\plugin.php(484): WP_Hook->do_action(Array)
#14 D:\xampp\htdocs\Portfolio\wordpress\wp-admin\admin-ajax.php(187): do_action('wp_ajax_as_asyn...')
#15 {main}
  thrown in D:\xampp\htdocs\Portfolio\wordpress\wp-includes\class-wp-hook.php on line 292

2021-07-03T13:08:15+00:00 CRITICAL Uncaught Error: Unknown named parameter $tasks_meta_id in D:\xampp\htdocs\Portfolio\wordpress\wp-includes\class-wp-hook.php:292
Stack trace:
#0 D:\xampp\htdocs\Portfolio\wordpress\wp-includes\class-wp-hook.php(316): WP_Hook->apply_filters('', Array)
#1 D:\xampp\htdocs\Portfolio\wordpress\wp-includes\plugin.php(551): WP_Hook->do_action(Array)
#2 D:\xampp\htdocs\Portfolio\wordpress\wp-content\plugins\woocommerce\packages\action-scheduler\classes\actions\ActionScheduler_Action.php(22): do_action_ref_array('wpforms_admin_n...', Array)
#3 D:\xampp\htdocs\Portfolio\wordpress\wp-content\plugins\woocommerce\packages\action-scheduler\classes\abstracts\ActionScheduler_Abstract_QueueRunner.php(65): ActionScheduler_Action->execute()
#4 D:\xampp\htdocs\Portfolio\wordpress\wp-content\plugins\woocommerce\packages\action-scheduler\classes\ActionScheduler_QueueRunner.php(162): ActionScheduler_Abstract_QueueRunner->process_action(26, 'WP Cron')
#5 D:\xampp\htdocs\Portfolio\wordpress\wp-content\plugins\woocommerce\packages\action-scheduler\classes\ActionScheduler_QueueRunner.php(132): ActionScheduler_QueueRunner->do_batch(25, 'WP Cron')
#6 D:\xampp\htdocs\Portfolio\wordpress\wp-includes\class-wp-hook.php(292): ActionScheduler_QueueRunner->run('WP Cron')
#7 D:\xampp\htdocs\Portfolio\wordpress\wp-includes\class-wp-hook.php(316): WP_Hook->apply_filters('', Array)
#8 D:\xampp\htdocs\Portfolio\wordpress\wp-includes\plugin.php(551): WP_Hook->do_action(Array)
#9 D:\xampp\htdocs\Portfolio\wordpress\wp-cron.php(138): do_action_ref_array('action_schedule...', Array)
#10 {main}
  thrown in D:\xampp\htdocs\Portfolio\wordpress\wp-includes\class-wp-hook.php on line 292

2021-07-03T13:08:44+00:00 CRITICAL Uncaught Error: Unknown named parameter $tasks_meta_id in D:\xampp\htdocs\Portfolio\wordpress\wp-includes\class-wp-hook.php:292
Stack trace:
#0 D:\xampp\htdocs\Portfolio\wordpress\wp-includes\class-wp-hook.php(316): WP_Hook->apply_filters('', Array)
#1 D:\xampp\htdocs\Portfolio\wordpress\wp-includes\plugin.php(551): WP_Hook->do_action(Array)
#2 D:\xampp\htdocs\Portfolio\wordpress\wp-content\plugins\woocommerce\packages\action-scheduler\classes\actions\ActionScheduler_Action.php(22): do_action_ref_array('wpforms_admin_n...', Array)
#3 D:\xampp\htdocs\Portfolio\wordpress\wp-content\plugins\woocommerce\packages\action-scheduler\classes\abstracts\ActionScheduler_Abstract_QueueRunner.php(65): ActionScheduler_Action->execute()
#4 D:\xampp\htdocs\Portfolio\wordpress\wp-content\plugins\woocommerce\packages\action-scheduler\classes\ActionScheduler_QueueRunner.php(162): ActionScheduler_Abstract_QueueRunner->process_action(27, 'Async Request')
#5 D:\xampp\htdocs\Portfolio\wordpress\wp-content\plugins\woocommerce\packages\action-scheduler\classes\ActionScheduler_QueueRunner.php(132): ActionScheduler_QueueRunner->do_batch(25, 'Async Request')
#6 D:\xampp\htdocs\Portfolio\wordpress\wp-includes\class-wp-hook.php(292): ActionScheduler_QueueRunner->run('Async Request')
#7 D:\xampp\htdocs\Portfolio\wordpress\wp-includes\class-wp-hook.php(316): WP_Hook->apply_filters('', Array)
#8 D:\xampp\htdocs\Portfolio\wordpress\wp-includes\plugin.php(484): WP_Hook->do_action(Array)
#9 D:\xampp\htdocs\Portfolio\wordpress\wp-content\plugins\woocommerce\packages\action-scheduler\classes\ActionScheduler_AsyncRequest_QueueRunner.php(52): do_action('action_schedule...', 'Async Request')
#10 D:\xampp\htdocs\Portfolio\wordpress\wp-content\plugins\woocommerce\includes\libraries\wp-async-request.php(147): ActionScheduler_AsyncRequest_QueueRunner->handle()
#11 D:\xampp\htdocs\Portfolio\wordpress\wp-includes\class-wp-hook.php(292): WP_Async_Request->maybe_handle('')
#12 D:\xampp\htdocs\Portfolio\wordpress\wp-includes\class-wp-hook.php(316): WP_Hook->apply_filters('', Array)
#13 D:\xampp\htdocs\Portfolio\wordpress\wp-includes\plugin.php(484): WP_Hook->do_action(Array)
#14 D:\xampp\htdocs\Portfolio\wordpress\wp-admin\admin-ajax.php(187): do_action('wp_ajax_as_asyn...')
#15 {main}
  thrown in D:\xampp\htdocs\Portfolio\wordpress\wp-includes\class-wp-hook.php on line 292

2021-07-03T13:09:38+00:00 CRITICAL Uncaught Error: Unknown named parameter $tasks_meta_id in D:\xampp\htdocs\Portfolio\wordpress\wp-includes\class-wp-hook.php:292
Stack trace:
#0 D:\xampp\htdocs\Portfolio\wordpress\wp-includes\class-wp-hook.php(316): WP_Hook->apply_filters('', Array)
#1 D:\xampp\htdocs\Portfolio\wordpress\wp-includes\plugin.php(551): WP_Hook->do_action(Array)
#2 D:\xampp\htdocs\Portfolio\wordpress\wp-content\plugins\woocommerce\packages\action-scheduler\classes\actions\ActionScheduler_Action.php(22): do_action_ref_array('wpforms_admin_n...', Array)
#3 D:\xampp\htdocs\Portfolio\wordpress\wp-content\plugins\woocommerce\packages\action-scheduler\classes\abstracts\ActionScheduler_Abstract_QueueRunner.php(65): ActionScheduler_Action->execute()
#4 D:\xampp\htdocs\Portfolio\wordpress\wp-content\plugins\woocommerce\packages\action-scheduler\classes\ActionScheduler_QueueRunner.php(162): ActionScheduler_Abstract_QueueRunner->process_action(28, 'WP Cron')
#5 D:\xampp\htdocs\Portfolio\wordpress\wp-content\plugins\woocommerce\packages\action-scheduler\classes\ActionScheduler_QueueRunner.php(132): ActionScheduler_QueueRunner->do_batch(25, 'WP Cron')
#6 D:\xampp\htdocs\Portfolio\wordpress\wp-includes\class-wp-hook.php(292): ActionScheduler_QueueRunner->run('WP Cron')
#7 D:\xampp\htdocs\Portfolio\wordpress\wp-includes\class-wp-hook.php(316): WP_Hook->apply_filters('', Array)
#8 D:\xampp\htdocs\Portfolio\wordpress\wp-includes\plugin.php(551): WP_Hook->do_action(Array)
#9 D:\xampp\htdocs\Portfolio\wordpress\wp-cron.php(138): do_action_ref_array('action_schedule...', Array)
#10 {main}
  thrown in D:\xampp\htdocs\Portfolio\wordpress\wp-includes\class-wp-hook.php on line 292

2021-07-03T13:10:23+00:00 CRITICAL Uncaught Error: Unknown named parameter $tasks_meta_id in D:\xampp\htdocs\Portfolio\wordpress\wp-includes\class-wp-hook.php:292
Stack trace:
#0 D:\xampp\htdocs\Portfolio\wordpress\wp-includes\class-wp-hook.php(316): WP_Hook->apply_filters('', Array)
#1 D:\xampp\htdocs\Portfolio\wordpress\wp-includes\plugin.php(551): WP_Hook->do_action(Array)
#2 D:\xampp\htdocs\Portfolio\wordpress\wp-content\plugins\woocommerce\packages\action-scheduler\classes\actions\ActionScheduler_Action.php(22): do_action_ref_array('wpforms_admin_n...', Array)
#3 D:\xampp\htdocs\Portfolio\wordpress\wp-content\plugins\woocommerce\packages\action-scheduler\classes\abstracts\ActionScheduler_Abstract_QueueRunner.php(65): ActionScheduler_Action->execute()
#4 D:\xampp\htdocs\Portfolio\wordpress\wp-content\plugins\woocommerce\packages\action-scheduler\classes\ActionScheduler_QueueRunner.php(162): ActionScheduler_Abstract_QueueRunner->process_action(29, 'Async Request')
#5 D:\xampp\htdocs\Portfolio\wordpress\wp-content\plugins\woocommerce\packages\action-scheduler\classes\ActionScheduler_QueueRunner.php(132): ActionScheduler_QueueRunner->do_batch(25, 'Async Request')
#6 D:\xampp\htdocs\Portfolio\wordpress\wp-includes\class-wp-hook.php(292): ActionScheduler_QueueRunner->run('Async Request')
#7 D:\xampp\htdocs\Portfolio\wordpress\wp-includes\class-wp-hook.php(316): WP_Hook->apply_filters('', Array)
#8 D:\xampp\htdocs\Portfolio\wordpress\wp-includes\plugin.php(484): WP_Hook->do_action(Array)
#9 D:\xampp\htdocs\Portfolio\wordpress\wp-content\plugins\woocommerce\packages\action-scheduler\classes\ActionScheduler_AsyncRequest_QueueRunner.php(52): do_action('action_schedule...', 'Async Request')
#10 D:\xampp\htdocs\Portfolio\wordpress\wp-content\plugins\woocommerce\includes\libraries\wp-async-request.php(147): ActionScheduler_AsyncRequest_QueueRunner->handle()
#11 D:\xampp\htdocs\Portfolio\wordpress\wp-includes\class-wp-hook.php(292): WP_Async_Request->maybe_handle('')
#12 D:\xampp\htdocs\Portfolio\wordpress\wp-includes\class-wp-hook.php(316): WP_Hook->apply_filters('', Array)
#13 D:\xampp\htdocs\Portfolio\wordpress\wp-includes\plugin.php(484): WP_Hook->do_action(Array)
#14 D:\xampp\htdocs\Portfolio\wordpress\wp-admin\admin-ajax.php(187): do_action('wp_ajax_as_asyn...')
#15 {main}
  thrown in D:\xampp\htdocs\Portfolio\wordpress\wp-includes\class-wp-hook.php on line 292

2021-07-03T13:11:17+00:00 CRITICAL Uncaught Error: Unknown named parameter $tasks_meta_id in D:\xampp\htdocs\Portfolio\wordpress\wp-includes\class-wp-hook.php:292
Stack trace:
#0 D:\xampp\htdocs\Portfolio\wordpress\wp-includes\class-wp-hook.php(316): WP_Hook->apply_filters('', Array)
#1 D:\xampp\htdocs\Portfolio\wordpress\wp-includes\plugin.php(551): WP_Hook->do_action(Array)
#2 D:\xampp\htdocs\Portfolio\wordpress\wp-content\plugins\woocommerce\packages\action-scheduler\classes\actions\ActionScheduler_Action.php(22): do_action_ref_array('wpforms_admin_n...', Array)
#3 D:\xampp\htdocs\Portfolio\wordpress\wp-content\plugins\woocommerce\packages\action-scheduler\classes\abstracts\ActionScheduler_Abstract_QueueRunner.php(65): ActionScheduler_Action->execute()
#4 D:\xampp\htdocs\Portfolio\wordpress\wp-content\plugins\woocommerce\packages\action-scheduler\classes\ActionScheduler_QueueRunner.php(162): ActionScheduler_Abstract_QueueRunner->process_action(30, 'WP Cron')
#5 D:\xampp\htdocs\Portfolio\wordpress\wp-content\plugins\woocommerce\packages\action-scheduler\classes\ActionScheduler_QueueRunner.php(132): ActionScheduler_QueueRunner->do_batch(25, 'WP Cron')
#6 D:\xampp\htdocs\Portfolio\wordpress\wp-includes\class-wp-hook.php(292): ActionScheduler_QueueRunner->run('WP Cron')
#7 D:\xampp\htdocs\Portfolio\wordpress\wp-includes\class-wp-hook.php(316): WP_Hook->apply_filters('', Array)
#8 D:\xampp\htdocs\Portfolio\wordpress\wp-includes\plugin.php(551): WP_Hook->do_action(Array)
#9 D:\xampp\htdocs\Portfolio\wordpress\wp-cron.php(138): do_action_ref_array('action_schedule...', Array)
#10 {main}
  thrown in D:\xampp\htdocs\Portfolio\wordpress\wp-includes\class-wp-hook.php on line 292

2021-07-03T13:23:25+00:00 CRITICAL Uncaught Error: Unknown named parameter $tasks_meta_id in D:\xampp\htdocs\Portfolio\wordpress\wp-includes\class-wp-hook.php:292
Stack trace:
#0 D:\xampp\htdocs\Portfolio\wordpress\wp-includes\class-wp-hook.php(316): WP_Hook->apply_filters('', Array)
#1 D:\xampp\htdocs\Portfolio\wordpress\wp-includes\plugin.php(551): WP_Hook->do_action(Array)
#2 D:\xampp\htdocs\Portfolio\wordpress\wp-content\plugins\woocommerce\packages\action-scheduler\classes\actions\ActionScheduler_Action.php(22): do_action_ref_array('wpforms_admin_n...', Array)
#3 D:\xampp\htdocs\Portfolio\wordpress\wp-content\plugins\woocommerce\packages\action-scheduler\classes\abstracts\ActionScheduler_Abstract_QueueRunner.php(65): ActionScheduler_Action->execute()
#4 D:\xampp\htdocs\Portfolio\wordpress\wp-content\plugins\woocommerce\packages\action-scheduler\classes\ActionScheduler_QueueRunner.php(162): ActionScheduler_Abstract_QueueRunner->process_action(31, 'WP Cron')
#5 D:\xampp\htdocs\Portfolio\wordpress\wp-content\plugins\woocommerce\packages\action-scheduler\classes\ActionScheduler_QueueRunner.php(132): ActionScheduler_QueueRunner->do_batch(25, 'WP Cron')
#6 D:\xampp\htdocs\Portfolio\wordpress\wp-includes\class-wp-hook.php(292): ActionScheduler_QueueRunner->run('WP Cron')
#7 D:\xampp\htdocs\Portfolio\wordpress\wp-includes\class-wp-hook.php(316): WP_Hook->apply_filters('', Array)
#8 D:\xampp\htdocs\Portfolio\wordpress\wp-includes\plugin.php(551): WP_Hook->do_action(Array)
#9 D:\xampp\htdocs\Portfolio\wordpress\wp-cron.php(138): do_action_ref_array('action_schedule...', Array)
#10 {main}
  thrown in D:\xampp\htdocs\Portfolio\wordpress\wp-includes\class-wp-hook.php on line 292

2021-07-03T13:26:29+00:00 CRITICAL Uncaught Error: Unknown named parameter $tasks_meta_id in D:\xampp\htdocs\Portfolio\wordpress\wp-includes\class-wp-hook.php:292
Stack trace:
#0 D:\xampp\htdocs\Portfolio\wordpress\wp-includes\class-wp-hook.php(316): WP_Hook->apply_filters('', Array)
#1 D:\xampp\htdocs\Portfolio\wordpress\wp-includes\plugin.php(551): WP_Hook->do_action(Array)
#2 D:\xampp\htdocs\Portfolio\wordpress\wp-content\plugins\woocommerce\packages\action-scheduler\classes\actions\ActionScheduler_Action.php(22): do_action_ref_array('wpforms_admin_n...', Array)
#3 D:\xampp\htdocs\Portfolio\wordpress\wp-content\plugins\woocommerce\packages\action-scheduler\classes\abstracts\ActionScheduler_Abstract_QueueRunner.php(65): ActionScheduler_Action->execute()
#4 D:\xampp\htdocs\Portfolio\wordpress\wp-content\plugins\woocommerce\packages\action-scheduler\classes\ActionScheduler_QueueRunner.php(162): ActionScheduler_Abstract_QueueRunner->process_action(33, 'WP Cron')
#5 D:\xampp\htdocs\Portfolio\wordpress\wp-content\plugins\woocommerce\packages\action-scheduler\classes\ActionScheduler_QueueRunner.php(132): ActionScheduler_QueueRunner->do_batch(25, 'WP Cron')
#6 D:\xampp\htdocs\Portfolio\wordpress\wp-includes\class-wp-hook.php(292): ActionScheduler_QueueRunner->run('WP Cron')
#7 D:\xampp\htdocs\Portfolio\wordpress\wp-includes\class-wp-hook.php(316): WP_Hook->apply_filters('', Array)
#8 D:\xampp\htdocs\Portfolio\wordpress\wp-includes\plugin.php(551): WP_Hook->do_action(Array)
#9 D:\xampp\htdocs\Portfolio\wordpress\wp-cron.php(138): do_action_ref_array('action_schedule...', Array)
#10 {main}
  thrown in D:\xampp\htdocs\Portfolio\wordpress\wp-includes\class-wp-hook.php on line 292

2021-07-03T13:26:45+00:00 CRITICAL Uncaught Error: Unknown named parameter $tasks_meta_id in D:\xampp\htdocs\Portfolio\wordpress\wp-includes\class-wp-hook.php:292
Stack trace:
#0 D:\xampp\htdocs\Portfolio\wordpress\wp-includes\class-wp-hook.php(316): WP_Hook->apply_filters('', Array)
#1 D:\xampp\htdocs\Portfolio\wordpress\wp-includes\plugin.php(551): WP_Hook->do_action(Array)
#2 D:\xampp\htdocs\Portfolio\wordpress\wp-content\plugins\woocommerce\packages\action-scheduler\classes\actions\ActionScheduler_Action.php(22): do_action_ref_array('wpforms_admin_n...', Array)
#3 D:\xampp\htdocs\Portfolio\wordpress\wp-content\plugins\woocommerce\packages\action-scheduler\classes\abstracts\ActionScheduler_Abstract_QueueRunner.php(65): ActionScheduler_Action->execute()
#4 D:\xampp\htdocs\Portfolio\wordpress\wp-content\plugins\woocommerce\packages\action-scheduler\classes\ActionScheduler_QueueRunner.php(162): ActionScheduler_Abstract_QueueRunner->process_action(34, 'Async Request')
#5 D:\xampp\htdocs\Portfolio\wordpress\wp-content\plugins\woocommerce\packages\action-scheduler\classes\ActionScheduler_QueueRunner.php(132): ActionScheduler_QueueRunner->do_batch(25, 'Async Request')
#6 D:\xampp\htdocs\Portfolio\wordpress\wp-includes\class-wp-hook.php(292): ActionScheduler_QueueRunner->run('Async Request')
#7 D:\xampp\htdocs\Portfolio\wordpress\wp-includes\class-wp-hook.php(316): WP_Hook->apply_filters('', Array)
#8 D:\xampp\htdocs\Portfolio\wordpress\wp-includes\plugin.php(484): WP_Hook->do_action(Array)
#9 D:\xampp\htdocs\Portfolio\wordpress\wp-content\plugins\woocommerce\packages\action-scheduler\classes\ActionScheduler_AsyncRequest_QueueRunner.php(52): do_action('action_schedule...', 'Async Request')
#10 D:\xampp\htdocs\Portfolio\wordpress\wp-content\plugins\woocommerce\includes\libraries\wp-async-request.php(147): ActionScheduler_AsyncRequest_QueueRunner->handle()
#11 D:\xampp\htdocs\Portfolio\wordpress\wp-includes\class-wp-hook.php(292): WP_Async_Request->maybe_handle('')
#12 D:\xampp\htdocs\Portfolio\wordpress\wp-includes\class-wp-hook.php(316): WP_Hook->apply_filters('', Array)
#13 D:\xampp\htdocs\Portfolio\wordpress\wp-includes\plugin.php(484): WP_Hook->do_action(Array)
#14 D:\xampp\htdocs\Portfolio\wordpress\wp-admin\admin-ajax.php(187): do_action('wp_ajax_as_asyn...')
#15 {main}
  thrown in D:\xampp\htdocs\Portfolio\wordpress\wp-includes\class-wp-hook.php on line 292

2021-07-03T13:36:53+00:00 CRITICAL Uncaught Error: Unknown named parameter $tasks_meta_id in D:\xampp\htdocs\Portfolio\wordpress\wp-includes\class-wp-hook.php:292
Stack trace:
#0 D:\xampp\htdocs\Portfolio\wordpress\wp-includes\class-wp-hook.php(316): WP_Hook->apply_filters('', Array)
#1 D:\xampp\htdocs\Portfolio\wordpress\wp-includes\plugin.php(551): WP_Hook->do_action(Array)
#2 D:\xampp\htdocs\Portfolio\wordpress\wp-content\plugins\woocommerce\packages\action-scheduler\classes\actions\ActionScheduler_Action.php(22): do_action_ref_array('wpforms_admin_n...', Array)
#3 D:\xampp\htdocs\Portfolio\wordpress\wp-content\plugins\woocommerce\packages\action-scheduler\classes\abstracts\ActionScheduler_Abstract_QueueRunner.php(65): ActionScheduler_Action->execute()
#4 D:\xampp\htdocs\Portfolio\wordpress\wp-content\plugins\woocommerce\packages\action-scheduler\classes\ActionScheduler_QueueRunner.php(162): ActionScheduler_Abstract_QueueRunner->process_action(35, 'WP Cron')
#5 D:\xampp\htdocs\Portfolio\wordpress\wp-content\plugins\woocommerce\packages\action-scheduler\classes\ActionScheduler_QueueRunner.php(132): ActionScheduler_QueueRunner->do_batch(25, 'WP Cron')
#6 D:\xampp\htdocs\Portfolio\wordpress\wp-includes\class-wp-hook.php(292): ActionScheduler_QueueRunner->run('WP Cron')
#7 D:\xampp\htdocs\Portfolio\wordpress\wp-includes\class-wp-hook.php(316): WP_Hook->apply_filters('', Array)
#8 D:\xampp\htdocs\Portfolio\wordpress\wp-includes\plugin.php(551): WP_Hook->do_action(Array)
#9 D:\xampp\htdocs\Portfolio\wordpress\wp-cron.php(138): do_action_ref_array('action_schedule...', Array)
#10 {main}
  thrown in D:\xampp\htdocs\Portfolio\wordpress\wp-includes\class-wp-hook.php on line 292

